# JRE version: Java(TM) SE Runtime Environment (24.0.2+12) (build 24.0.2+12-54)
# Java VM: Java HotSpot(TM) 64-Bit Server VM (24.0.2+12-54, mixed mode, sharing, tiered, compressed oops, compressed class ptrs, g1 gc, windows-amd64)
GC Precious Log:
 CardTable entry size: 512
 Card Set container configuration: InlinePtr #cards 4 size 8 Array Of Cards #cards 32 size 80 Howl #buckets 8 coarsen threshold 7372 Howl Bitmap #cards 1024 size 144 coarsen threshold 921 Card regions per heap region 1 cards per card region 8192
 CPUs: 16 total, 16 available
 Memory: 24394M
 Large Page Support: Disabled
 NUMA Support: Disabled
 Compressed Oops: Enabled (Zero based)
 Heap Region Size: 4M
 Heap Min Capacity: 8M
 Heap Initial Capacity: 384M
 Heap Max Capacity: 6100M
 Pre-touch: Disabled
 Parallel Workers: 13
 Concurrent Workers: 3
 Concurrent Refinement Workers: 13
 Periodic GC: Disabled
Heap:
 garbage-first heap   total reserved 6246400K, committed 397312K, used 7130K [0x0000000682c00000, 0x0000000800000000)
  region size 4096K, 2 young (8192K), 2 survivors (8192K)
 Metaspace       used 18057K, committed 18560K, reserved 1114112K
  class space    used 1822K, committed 2048K, reserved 1048576K
GC Heap History (6 events):
Event: 13.129 GC heap before
{Heap before GC invocations=0 (full 0):
 garbage-first heap   total reserved 6246400K, committed 397312K, used 50292K [0x0000000682c00000, 0x0000000800000000)
  region size 4096K, 12 young (49152K), 0 survivors (0K)
 Metaspace       used 15892K, committed 16448K, reserved 1114112K
  class space    used 1621K, committed 1856K, reserved 1048576K
}
Event: 13.134 GC heap after
{Heap after GC invocations=1 (full 0):
 garbage-first heap   total reserved 6246400K, committed 397312K, used 6039K [0x0000000682c00000, 0x0000000800000000)
  region size 4096K, 2 young (8192K), 2 survivors (8192K)
 Metaspace       used 15892K, committed 16448K, reserved 1114112K
  class space    used 1621K, committed 1856K, reserved 1048576K
}
Event: 13.330 GC heap before
{Heap before GC invocations=1 (full 0):
 garbage-first heap   total reserved 6246400K, committed 397312K, used 14231K [0x0000000682c00000, 0x0000000800000000)
  region size 4096K, 5 young (20480K), 2 survivors (8192K)
 Metaspace       used 18055K, committed 18560K, reserved 1114112K
  class space    used 1822K, committed 2048K, reserved 1048576K
}
Event: 13.335 GC heap after
{Heap after GC invocations=2 (full 0):
 garbage-first heap   total reserved 6246400K, committed 397312K, used 7084K [0x0000000682c00000, 0x0000000800000000)
  region size 4096K, 2 young (8192K), 2 survivors (8192K)
 Metaspace       used 18055K, committed 18560K, reserved 1114112K
  class space    used 1822K, committed 2048K, reserved 1048576K
}
Event: 13.335 GC heap before
{Heap before GC invocations=2 (full 0):
 garbage-first heap   total reserved 6246400K, committed 397312K, used 7084K [0x0000000682c00000, 0x0000000800000000)
  region size 4096K, 2 young (8192K), 2 survivors (8192K)
 Metaspace       used 18057K, committed 18560K, reserved 1114112K
  class space    used 1822K, committed 2048K, reserved 1048576K
}
Event: 13.339 GC heap after
{Heap after GC invocations=3 (full 0):
 garbage-first heap   total reserved 6246400K, committed 397312K, used 7130K [0x0000000682c00000, 0x0000000800000000)
  region size 4096K, 2 young (8192K), 2 survivors (8192K)
 Metaspace       used 18057K, committed 18560K, reserved 1114112K
  class space    used 1822K, committed 2048K, reserved 1048576K
}

