# JRE version: Java(TM) SE Runtime Environment (24.0.2+12) (build 24.0.2+12-54)
# Java VM: Java HotSpot(TM) 64-Bit Server VM (24.0.2+12-54, mixed mode, sharing, tiered, compressed oops, compressed class ptrs, g1 gc, windows-amd64)
GC Precious Log:
 CardTable entry size: 512
 Card Set container configuration: InlinePtr #cards 4 size 8 Array Of Cards #cards 32 size 80 Howl #buckets 8 coarsen threshold 7372 Howl Bitmap #cards 1024 size 144 coarsen threshold 921 Card regions per heap region 1 cards per card region 8192
 CPUs: 16 total, 16 available
 Memory: 24394M
 Large Page Support: Disabled
 NUMA Support: Disabled
 Compressed Oops: Enabled (Zero based)
 Heap Region Size: 4M
 Heap Min Capacity: 256M
 Heap Initial Capacity: 256M
 Heap Max Capacity: 6100M
 Pre-touch: Disabled
 Parallel Workers: 13
 Concurrent Workers: 3
 Concurrent Refinement Workers: 13
 Periodic GC: Disabled
Heap:
 garbage-first heap   total reserved 6246400K, committed 266240K, used 6980K [0x0000000682c00000, 0x0000000800000000)
  region size 4096K, 2 young (8192K), 2 survivors (8192K)
 Metaspace       used 17555K, committed 18112K, reserved 1114112K
  class space    used 1794K, committed 2048K, reserved 1048576K
GC Heap History (6 events):
Event: 17.285 GC heap before
{Heap before GC invocations=0 (full 0):
 garbage-first heap   total reserved 6246400K, committed 266240K, used 50292K [0x0000000682c00000, 0x0000000800000000)
  region size 4096K, 12 young (49152K), 0 survivors (0K)
 Metaspace       used 17104K, committed 17664K, reserved 1114112K
  class space    used 1740K, committed 1984K, reserved 1048576K
}
Event: 17.293 GC heap after
{Heap after GC invocations=1 (full 0):
 garbage-first heap   total reserved 6246400K, committed 266240K, used 6228K [0x0000000682c00000, 0x0000000800000000)
  region size 4096K, 2 young (8192K), 2 survivors (8192K)
 Metaspace       used 17104K, committed 17664K, reserved 1114112K
  class space    used 1740K, committed 1984K, reserved 1048576K
}
Event: 17.348 GC heap before
{Heap before GC invocations=1 (full 0):
 garbage-first heap   total reserved 6246400K, committed 266240K, used 10324K [0x0000000682c00000, 0x0000000800000000)
  region size 4096K, 4 young (16384K), 2 survivors (8192K)
 Metaspace       used 17555K, committed 18112K, reserved 1114112K
  class space    used 1794K, committed 2048K, reserved 1048576K
}
Event: 17.354 GC heap after
{Heap after GC invocations=2 (full 0):
 garbage-first heap   total reserved 6246400K, committed 266240K, used 7306K [0x0000000682c00000, 0x0000000800000000)
  region size 4096K, 2 young (8192K), 2 survivors (8192K)
 Metaspace       used 17555K, committed 18112K, reserved 1114112K
  class space    used 1794K, committed 2048K, reserved 1048576K
}
Event: 17.354 GC heap before
{Heap before GC invocations=2 (full 0):
 garbage-first heap   total reserved 6246400K, committed 266240K, used 7306K [0x0000000682c00000, 0x0000000800000000)
  region size 4096K, 2 young (8192K), 2 survivors (8192K)
 Metaspace       used 17555K, committed 18112K, reserved 1114112K
  class space    used 1794K, committed 2048K, reserved 1048576K
}
Event: 17.358 GC heap after
{Heap after GC invocations=3 (full 0):
 garbage-first heap   total reserved 6246400K, committed 266240K, used 6980K [0x0000000682c00000, 0x0000000800000000)
  region size 4096K, 2 young (8192K), 2 survivors (8192K)
 Metaspace       used 17555K, committed 18112K, reserved 1114112K
  class space    used 1794K, committed 2048K, reserved 1048576K
}

